<?xml version="1.0" encoding="UTF-8"?>
<!-- Generated by org.testng.reporters.JUnitXMLReporter -->
<testsuite ignored="0" hostname="DESKTOP-GMB6M0P" failures="0" tests="5" name="Default test" time="16.594" errors="0" timestamp="2022-04-07T19:01:17 IST">
  <testcase classname="com.adactin.testng.Adactin_RunnerNG" name="search_Hotel" time="1.41"/>
  <testcase classname="com.adactin.testng.Adactin_RunnerNG" name="confirm_Hotel" time="0.792"/>
  <testcase classname="com.adactin.testng.Adactin_RunnerNG" name="book_Hotel" time="1.133"/>
  <testcase classname="com.adactin.testng.Adactin_RunnerNG" name="bookedItinerary" time="0.872"/>
  <testcase classname="com.adactin.testng.Adactin_RunnerNG" name="screenshot_Hotel" time="0.202"/>
</testsuite> <!-- Default test -->
