<?xml version="1.0" encoding="UTF-8"?>
<!-- Generated by org.testng.reporters.JUnitXMLReporter -->
<testsuite ignored="1" hostname="DESKTOP-GMB6M0P" failures="0" tests="5" name="Test" time="0.048" errors="0" timestamp="2022-04-01T23:09:29 IST">
  <testcase classname="com.testng.features.Groups_Concept" name="collegeBooks" time="0.006"/>
  <testcase classname="com.testng.features.Groups_Concept" name="comicBooks" time="0.001"/>
  <testcase classname="com.testng.features.Groups_Concept" name="fantasyBooks" time="0.001"/>
  <testcase classname="com.testng.features.Groups_Concept" name="schoolBooks" time="0.001"/>
  <testcase classname="com.testng.features.Groups_Concept" name="storyBooks" time="0.002"/>
  <testcase classname="com.testng.features.Groups_Concept" name="music" time="0.0">
    <ignored/>
  </testcase> <!-- music -->
</testsuite> <!-- Test -->
