<?xml version="1.0" encoding="UTF-8"?>
<testng-results ignored="0" total="5" passed="5" failed="0" skipped="0">
  <reporter-output>
  </reporter-output>
  <suite started-at="2022-04-07T19:01:00 IST" name="Default suite" finished-at="2022-04-07T19:01:17 IST" duration-ms="16594">
    <groups>
    </groups>
    <test started-at="2022-04-07T19:01:00 IST" name="Default test" finished-at="2022-04-07T19:01:17 IST" duration-ms="16594">
      <class name="com.adactin.testng.Adactin_RunnerNG">
        <test-method is-config="true" signature="report_Generation()[pri:0, instance:com.adactin.testng.Adactin_RunnerNG@46074492]" started-at="2022-04-07T19:01:00 IST" name="report_Generation" finished-at="2022-04-07T19:01:00 IST" duration-ms="212" status="PASS">
          <reporter-output>
          </reporter-output>
        </test-method> <!-- report_Generation -->
        <test-method is-config="true" signature="launch_Url()[pri:0, instance:com.adactin.testng.Adactin_RunnerNG@46074492]" started-at="2022-04-07T19:01:00 IST" name="launch_Url" finished-at="2022-04-07T19:01:09 IST" duration-ms="8596" status="PASS">
          <reporter-output>
          </reporter-output>
        </test-method> <!-- launch_Url -->
        <test-method is-config="true" signature="loginCredentials()[pri:0, instance:com.adactin.testng.Adactin_RunnerNG@46074492]" started-at="2022-04-07T19:01:09 IST" name="loginCredentials" finished-at="2022-04-07T19:01:11 IST" duration-ms="1932" status="PASS">
          <reporter-output>
          </reporter-output>
        </test-method> <!-- loginCredentials -->
        <test-method signature="search_Hotel()[pri:0, instance:com.adactin.testng.Adactin_RunnerNG@46074492]" started-at="2022-04-07T19:01:11 IST" name="search_Hotel" finished-at="2022-04-07T19:01:12 IST" duration-ms="1410" status="PASS">
          <reporter-output>
          </reporter-output>
        </test-method> <!-- search_Hotel -->
        <test-method signature="confirm_Hotel()[pri:1, instance:com.adactin.testng.Adactin_RunnerNG@46074492]" started-at="2022-04-07T19:01:12 IST" name="confirm_Hotel" finished-at="2022-04-07T19:01:13 IST" duration-ms="792" status="PASS">
          <reporter-output>
          </reporter-output>
        </test-method> <!-- confirm_Hotel -->
        <test-method signature="book_Hotel()[pri:2, instance:com.adactin.testng.Adactin_RunnerNG@46074492]" started-at="2022-04-07T19:01:13 IST" name="book_Hotel" finished-at="2022-04-07T19:01:14 IST" duration-ms="1133" status="PASS">
          <reporter-output>
          </reporter-output>
        </test-method> <!-- book_Hotel -->
        <test-method signature="bookedItinerary()[pri:3, instance:com.adactin.testng.Adactin_RunnerNG@46074492]" started-at="2022-04-07T19:01:14 IST" name="bookedItinerary" finished-at="2022-04-07T19:01:15 IST" duration-ms="872" status="PASS">
          <reporter-output>
          </reporter-output>
        </test-method> <!-- bookedItinerary -->
        <test-method signature="screenshot_Hotel()[pri:4, instance:com.adactin.testng.Adactin_RunnerNG@46074492]" started-at="2022-04-07T19:01:15 IST" name="screenshot_Hotel" finished-at="2022-04-07T19:01:15 IST" duration-ms="202" status="PASS">
          <reporter-output>
          </reporter-output>
        </test-method> <!-- screenshot_Hotel -->
        <test-method is-config="true" signature="logoutPage()[pri:0, instance:com.adactin.testng.Adactin_RunnerNG@46074492]" started-at="2022-04-07T19:01:15 IST" name="logoutPage" finished-at="2022-04-07T19:01:16 IST" duration-ms="1299" status="PASS">
          <reporter-output>
          </reporter-output>
        </test-method> <!-- logoutPage -->
        <test-method is-config="true" signature="flush()[pri:0, instance:com.adactin.testng.Adactin_RunnerNG@46074492]" started-at="2022-04-07T19:01:16 IST" name="flush" finished-at="2022-04-07T19:01:17 IST" duration-ms="278" status="PASS">
          <reporter-output>
          </reporter-output>
        </test-method> <!-- flush -->
        <test-method is-config="true" signature="browerClose()[pri:0, instance:com.adactin.testng.Adactin_RunnerNG@46074492]" started-at="2022-04-07T19:01:17 IST" name="browerClose" finished-at="2022-04-07T19:01:17 IST" duration-ms="82" status="PASS">
          <reporter-output>
          </reporter-output>
        </test-method> <!-- browerClose -->
      </class> <!-- com.adactin.testng.Adactin_RunnerNG -->
    </test> <!-- Default test -->
  </suite> <!-- Default suite -->
</testng-results>
